[DEBUG] 2021-10-24 09:20:34.893 [main] UserDao - The list of users [com.jvjohnson1.no_fly.entity.User@536d97f8, com.jvjohnson1.no_fly.entity.User@3c50ad4b, com.jvjohnson1.no_fly.entity.User@37496720, com.jvjohnson1.no_fly.entity.User@28f9fedd, com.jvjohnson1.no_fly.entity.User@17947e6d, com.jvjohnson1.no_fly.entity.User@2e17a321, com.jvjohnson1.no_fly.entity.User@521bb1a4, com.jvjohnson1.no_fly.entity.User@35f3a22c, com.jvjohnson1.no_fly.entity.User@1a0c5e9, com.jvjohnson1.no_fly.entity.User@123d7057, com.jvjohnson1.no_fly.entity.User@1d247525, com.jvjohnson1.no_fly.entity.User@35ee466f, com.jvjohnson1.no_fly.entity.User@32e652b6, com.jvjohnson1.no_fly.entity.User@7593ea79, com.jvjohnson1.no_fly.entity.User@3289079a, com.jvjohnson1.no_fly.entity.User@32fa809f, com.jvjohnson1.no_fly.entity.User@788ba63e, com.jvjohnson1.no_fly.entity.User@12a14b74]
[DEBUG] 2021-10-24 09:20:34.921 [main] UserDao - Searching for user with lastName = Smith
[DEBUG] 2021-10-24 09:20:34.968 [main] UserDao - Searching for user with lastName = S
[DEBUG] 2021-10-24 09:50:03.062 [main] UserDao - The list of users [com.jvjohnson1.no_fly.entity.User@54d1608f, com.jvjohnson1.no_fly.entity.User@7e7fe6d, com.jvjohnson1.no_fly.entity.User@541179e7, com.jvjohnson1.no_fly.entity.User@24386839, com.jvjohnson1.no_fly.entity.User@7b32b129, com.jvjohnson1.no_fly.entity.User@439e3cb4, com.jvjohnson1.no_fly.entity.User@1c9fbb61, com.jvjohnson1.no_fly.entity.User@7b81616b, com.jvjohnson1.no_fly.entity.User@15d42ccb, com.jvjohnson1.no_fly.entity.User@279dd959, com.jvjohnson1.no_fly.entity.User@46383a78, com.jvjohnson1.no_fly.entity.User@36c281ed, com.jvjohnson1.no_fly.entity.User@244418a, com.jvjohnson1.no_fly.entity.User@4c361f63, com.jvjohnson1.no_fly.entity.User@6ed922e1, com.jvjohnson1.no_fly.entity.User@4eb166a1, com.jvjohnson1.no_fly.entity.User@554c4eaa, com.jvjohnson1.no_fly.entity.User@29fd8e67]
[DEBUG] 2021-10-24 09:50:07.351 [main] UserDao - Searching for user with lastName = Smith
[DEBUG] 2021-10-24 09:50:12.236 [main] UserDao - Searching for user with lastName = S
[DEBUG] 2021-10-24 09:57:56.381 [main] UserDao - The list of users [com.jvjohnson1.no_fly.entity.User@54d1608f, com.jvjohnson1.no_fly.entity.User@7e7fe6d, com.jvjohnson1.no_fly.entity.User@541179e7, com.jvjohnson1.no_fly.entity.User@24386839, com.jvjohnson1.no_fly.entity.User@7b32b129, com.jvjohnson1.no_fly.entity.User@439e3cb4, com.jvjohnson1.no_fly.entity.User@1c9fbb61, com.jvjohnson1.no_fly.entity.User@7b81616b, com.jvjohnson1.no_fly.entity.User@15d42ccb, com.jvjohnson1.no_fly.entity.User@279dd959, com.jvjohnson1.no_fly.entity.User@46383a78, com.jvjohnson1.no_fly.entity.User@36c281ed, com.jvjohnson1.no_fly.entity.User@244418a, com.jvjohnson1.no_fly.entity.User@4c361f63, com.jvjohnson1.no_fly.entity.User@6ed922e1, com.jvjohnson1.no_fly.entity.User@4eb166a1, com.jvjohnson1.no_fly.entity.User@554c4eaa, com.jvjohnson1.no_fly.entity.User@29fd8e67]
[DEBUG] 2021-10-24 09:58:02.202 [main] UserDao - Searching for user with lastName = Smith
[DEBUG] 2021-10-24 09:58:07.002 [main] UserDao - Searching for user with lastName = S
[DEBUG] 2021-10-24 10:06:41.458 [main] UserDao - The list of users [com.jvjohnson1.no_fly.entity.User@54d1608f, com.jvjohnson1.no_fly.entity.User@7e7fe6d, com.jvjohnson1.no_fly.entity.User@541179e7, com.jvjohnson1.no_fly.entity.User@24386839, com.jvjohnson1.no_fly.entity.User@7b32b129, com.jvjohnson1.no_fly.entity.User@439e3cb4, com.jvjohnson1.no_fly.entity.User@1c9fbb61, com.jvjohnson1.no_fly.entity.User@7b81616b, com.jvjohnson1.no_fly.entity.User@15d42ccb, com.jvjohnson1.no_fly.entity.User@279dd959, com.jvjohnson1.no_fly.entity.User@46383a78, com.jvjohnson1.no_fly.entity.User@36c281ed, com.jvjohnson1.no_fly.entity.User@244418a, com.jvjohnson1.no_fly.entity.User@4c361f63, com.jvjohnson1.no_fly.entity.User@6ed922e1, com.jvjohnson1.no_fly.entity.User@4eb166a1, com.jvjohnson1.no_fly.entity.User@554c4eaa, com.jvjohnson1.no_fly.entity.User@29fd8e67]
[DEBUG] 2021-10-24 10:06:50.883 [main] UserDao - Searching for user with lastName = Smith
[DEBUG] 2021-10-24 10:06:57.326 [main] UserDao - Searching for user with lastName = S
[DEBUG] 2021-10-24 10:26:04.328 [main] UserDao - The list of users [com.jvjohnson1.no_fly.entity.User@54d1608f, com.jvjohnson1.no_fly.entity.User@7e7fe6d, com.jvjohnson1.no_fly.entity.User@541179e7, com.jvjohnson1.no_fly.entity.User@24386839, com.jvjohnson1.no_fly.entity.User@7b32b129, com.jvjohnson1.no_fly.entity.User@439e3cb4, com.jvjohnson1.no_fly.entity.User@1c9fbb61, com.jvjohnson1.no_fly.entity.User@7b81616b, com.jvjohnson1.no_fly.entity.User@15d42ccb, com.jvjohnson1.no_fly.entity.User@279dd959, com.jvjohnson1.no_fly.entity.User@46383a78, com.jvjohnson1.no_fly.entity.User@36c281ed, com.jvjohnson1.no_fly.entity.User@244418a, com.jvjohnson1.no_fly.entity.User@4c361f63, com.jvjohnson1.no_fly.entity.User@6ed922e1, com.jvjohnson1.no_fly.entity.User@4eb166a1, com.jvjohnson1.no_fly.entity.User@554c4eaa, com.jvjohnson1.no_fly.entity.User@29fd8e67]
[DEBUG] 2021-10-24 10:26:11.578 [main] UserDao - Searching for user with lastName = Smith
[DEBUG] 2021-10-24 10:26:21.124 [main] UserDao - Searching for user with lastName = S
[DEBUG] 2021-10-30 22:56:12.259 [main] UserDao - The list of users [com.jvjohnson1.no_fly.entity.User@54d1608f, com.jvjohnson1.no_fly.entity.User@7e7fe6d, com.jvjohnson1.no_fly.entity.User@541179e7, com.jvjohnson1.no_fly.entity.User@24386839, com.jvjohnson1.no_fly.entity.User@7b32b129, com.jvjohnson1.no_fly.entity.User@439e3cb4, com.jvjohnson1.no_fly.entity.User@1c9fbb61, com.jvjohnson1.no_fly.entity.User@7b81616b, com.jvjohnson1.no_fly.entity.User@15d42ccb, com.jvjohnson1.no_fly.entity.User@279dd959, com.jvjohnson1.no_fly.entity.User@46383a78, com.jvjohnson1.no_fly.entity.User@36c281ed, com.jvjohnson1.no_fly.entity.User@244418a, com.jvjohnson1.no_fly.entity.User@4c361f63, com.jvjohnson1.no_fly.entity.User@6ed922e1, com.jvjohnson1.no_fly.entity.User@4eb166a1, com.jvjohnson1.no_fly.entity.User@554c4eaa, com.jvjohnson1.no_fly.entity.User@29fd8e67]
[DEBUG] 2021-10-30 22:56:19.658 [main] UserDao - Searching for user with lastName = Smith
[DEBUG] 2021-10-30 22:56:29.313 [main] UserDao - Searching for user with lastName = S
[DEBUG] 2021-10-31 00:48:42.432 [main] UserDao - The list of users [com.jvjohnson1.no_fly.entity.User@54d1608f, com.jvjohnson1.no_fly.entity.User@7e7fe6d, com.jvjohnson1.no_fly.entity.User@541179e7, com.jvjohnson1.no_fly.entity.User@24386839, com.jvjohnson1.no_fly.entity.User@7b32b129, com.jvjohnson1.no_fly.entity.User@439e3cb4, com.jvjohnson1.no_fly.entity.User@1c9fbb61, com.jvjohnson1.no_fly.entity.User@7b81616b, com.jvjohnson1.no_fly.entity.User@15d42ccb, com.jvjohnson1.no_fly.entity.User@279dd959, com.jvjohnson1.no_fly.entity.User@46383a78, com.jvjohnson1.no_fly.entity.User@36c281ed, com.jvjohnson1.no_fly.entity.User@244418a, com.jvjohnson1.no_fly.entity.User@4c361f63, com.jvjohnson1.no_fly.entity.User@6ed922e1, com.jvjohnson1.no_fly.entity.User@4eb166a1, com.jvjohnson1.no_fly.entity.User@554c4eaa, com.jvjohnson1.no_fly.entity.User@29fd8e67]
[DEBUG] 2021-10-31 00:48:48.129 [main] UserDao - Searching for user with lastName = Smith
[DEBUG] 2021-10-31 00:48:57.851 [main] UserDao - Searching for user with lastName = S
[DEBUG] 2021-10-31 19:31:22.326 [main] UserDao - The list of users [com.jvjohnson1.no_fly.entity.User@54d1608f, com.jvjohnson1.no_fly.entity.User@7e7fe6d, com.jvjohnson1.no_fly.entity.User@541179e7, com.jvjohnson1.no_fly.entity.User@24386839, com.jvjohnson1.no_fly.entity.User@7b32b129, com.jvjohnson1.no_fly.entity.User@439e3cb4, com.jvjohnson1.no_fly.entity.User@1c9fbb61, com.jvjohnson1.no_fly.entity.User@7b81616b, com.jvjohnson1.no_fly.entity.User@15d42ccb, com.jvjohnson1.no_fly.entity.User@279dd959, com.jvjohnson1.no_fly.entity.User@46383a78, com.jvjohnson1.no_fly.entity.User@36c281ed, com.jvjohnson1.no_fly.entity.User@244418a, com.jvjohnson1.no_fly.entity.User@4c361f63, com.jvjohnson1.no_fly.entity.User@6ed922e1, com.jvjohnson1.no_fly.entity.User@4eb166a1, com.jvjohnson1.no_fly.entity.User@554c4eaa, com.jvjohnson1.no_fly.entity.User@29fd8e67]
[DEBUG] 2021-10-31 19:31:28.152 [main] UserDao - Searching for user with lastName = Smith
[DEBUG] 2021-10-31 19:31:38.454 [main] UserDao - Searching for user with lastName = S
[DEBUG] 2021-10-31 19:32:48.243 [main] DestinationDao - Searching for Destination with location = Colorado
[DEBUG] 2021-10-31 19:32:56.273 [main] DestinationDao - Searching for Destination with type = Mountain
[DEBUG] 2021-10-31 19:36:06.137 [main] UserDao - The list of users [com.jvjohnson1.no_fly.entity.User@54d1608f, com.jvjohnson1.no_fly.entity.User@7e7fe6d, com.jvjohnson1.no_fly.entity.User@541179e7, com.jvjohnson1.no_fly.entity.User@24386839, com.jvjohnson1.no_fly.entity.User@7b32b129, com.jvjohnson1.no_fly.entity.User@439e3cb4, com.jvjohnson1.no_fly.entity.User@1c9fbb61, com.jvjohnson1.no_fly.entity.User@7b81616b, com.jvjohnson1.no_fly.entity.User@15d42ccb, com.jvjohnson1.no_fly.entity.User@279dd959, com.jvjohnson1.no_fly.entity.User@46383a78, com.jvjohnson1.no_fly.entity.User@36c281ed, com.jvjohnson1.no_fly.entity.User@244418a, com.jvjohnson1.no_fly.entity.User@4c361f63, com.jvjohnson1.no_fly.entity.User@6ed922e1, com.jvjohnson1.no_fly.entity.User@4eb166a1, com.jvjohnson1.no_fly.entity.User@554c4eaa, com.jvjohnson1.no_fly.entity.User@29fd8e67]
[DEBUG] 2021-10-31 19:36:15.556 [main] UserDao - Searching for user with lastName = Smith
[DEBUG] 2021-10-31 19:36:21.028 [main] UserDao - Searching for user with lastName = S
[DEBUG] 2021-10-31 20:22:31.291 [main] DestinationDao - Searching for Destination with location = Colorado
[DEBUG] 2021-10-31 20:22:40.983 [main] DestinationDao - Searching for Destination with type = Mountain
[DEBUG] 2021-10-31 20:49:39.668 [main] UserDao - The list of users [com.jvjohnson1.no_fly.entity.User@5a034157, com.jvjohnson1.no_fly.entity.User@2f4ba1ae, com.jvjohnson1.no_fly.entity.User@1391af3b, com.jvjohnson1.no_fly.entity.User@3762c4fc, com.jvjohnson1.no_fly.entity.User@77ab22be, com.jvjohnson1.no_fly.entity.User@59fbb34, com.jvjohnson1.no_fly.entity.User@1b6924cb, com.jvjohnson1.no_fly.entity.User@3a8d467e, com.jvjohnson1.no_fly.entity.User@141d3d43, com.jvjohnson1.no_fly.entity.User@6ca372ef, com.jvjohnson1.no_fly.entity.User@3ebe4ccc, com.jvjohnson1.no_fly.entity.User@6ed043d3, com.jvjohnson1.no_fly.entity.User@135a8c6f, com.jvjohnson1.no_fly.entity.User@280d4882, com.jvjohnson1.no_fly.entity.User@44af588b, com.jvjohnson1.no_fly.entity.User@3d19d85, com.jvjohnson1.no_fly.entity.User@2ae62bb6, com.jvjohnson1.no_fly.entity.User@68ed3f30, com.jvjohnson1.no_fly.entity.User@56b859a6]
[DEBUG] 2021-10-31 20:49:45.377 [main] UserDao - Searching for user with lastName = Smith
[DEBUG] 2021-10-31 20:49:49.795 [main] UserDao - Searching for user with lastName = S
[DEBUG] 2021-10-31 20:51:35.052 [main] UserDao - The list of users [com.jvjohnson1.no_fly.entity.User@5a034157, com.jvjohnson1.no_fly.entity.User@2f4ba1ae, com.jvjohnson1.no_fly.entity.User@1391af3b, com.jvjohnson1.no_fly.entity.User@3762c4fc, com.jvjohnson1.no_fly.entity.User@77ab22be, com.jvjohnson1.no_fly.entity.User@59fbb34, com.jvjohnson1.no_fly.entity.User@1b6924cb, com.jvjohnson1.no_fly.entity.User@3a8d467e, com.jvjohnson1.no_fly.entity.User@141d3d43, com.jvjohnson1.no_fly.entity.User@6ca372ef, com.jvjohnson1.no_fly.entity.User@3ebe4ccc, com.jvjohnson1.no_fly.entity.User@6ed043d3, com.jvjohnson1.no_fly.entity.User@135a8c6f, com.jvjohnson1.no_fly.entity.User@280d4882, com.jvjohnson1.no_fly.entity.User@44af588b, com.jvjohnson1.no_fly.entity.User@3d19d85, com.jvjohnson1.no_fly.entity.User@2ae62bb6, com.jvjohnson1.no_fly.entity.User@68ed3f30]
[DEBUG] 2021-10-31 20:51:44.318 [main] UserDao - Searching for user with lastName = Smith
[DEBUG] 2021-10-31 20:51:50.211 [main] UserDao - Searching for user with lastName = S
[DEBUG] 2021-10-31 20:55:25.578 [main] UserDao - The list of users [com.jvjohnson1.no_fly.entity.User@516462cc, com.jvjohnson1.no_fly.entity.User@3456558, com.jvjohnson1.no_fly.entity.User@2dfb885e, com.jvjohnson1.no_fly.entity.User@6cbe7d4d, com.jvjohnson1.no_fly.entity.User@1e3e1014, com.jvjohnson1.no_fly.entity.User@3679d92e, com.jvjohnson1.no_fly.entity.User@47b11ec7, com.jvjohnson1.no_fly.entity.User@58fa5769, com.jvjohnson1.no_fly.entity.User@36aa52d2, com.jvjohnson1.no_fly.entity.User@4ee25d80, com.jvjohnson1.no_fly.entity.User@16a35bd, com.jvjohnson1.no_fly.entity.User@ba17be6, com.jvjohnson1.no_fly.entity.User@6f798482, com.jvjohnson1.no_fly.entity.User@633cc6b5, com.jvjohnson1.no_fly.entity.User@6342ff7f, com.jvjohnson1.no_fly.entity.User@403c3a01, com.jvjohnson1.no_fly.entity.User@2daf06fc]
[DEBUG] 2021-10-31 20:55:25.613 [main] UserDao - Searching for user with lastName = Smith
[DEBUG] 2021-10-31 20:55:25.652 [main] UserDao - Searching for user with lastName = S
[DEBUG] 2021-10-31 20:57:56.366 [main] UserDao - The list of users [com.jvjohnson1.no_fly.entity.User@516462cc, com.jvjohnson1.no_fly.entity.User@3456558, com.jvjohnson1.no_fly.entity.User@2dfb885e, com.jvjohnson1.no_fly.entity.User@6cbe7d4d, com.jvjohnson1.no_fly.entity.User@1e3e1014, com.jvjohnson1.no_fly.entity.User@3679d92e, com.jvjohnson1.no_fly.entity.User@47b11ec7, com.jvjohnson1.no_fly.entity.User@58fa5769, com.jvjohnson1.no_fly.entity.User@36aa52d2, com.jvjohnson1.no_fly.entity.User@4ee25d80, com.jvjohnson1.no_fly.entity.User@16a35bd, com.jvjohnson1.no_fly.entity.User@ba17be6, com.jvjohnson1.no_fly.entity.User@6f798482, com.jvjohnson1.no_fly.entity.User@633cc6b5, com.jvjohnson1.no_fly.entity.User@6342ff7f, com.jvjohnson1.no_fly.entity.User@403c3a01, com.jvjohnson1.no_fly.entity.User@2daf06fc, com.jvjohnson1.no_fly.entity.User@28237492]
[DEBUG] 2021-10-31 20:58:03.526 [main] UserDao - Searching for user with lastName = Smith
[DEBUG] 2021-10-31 20:58:08.868 [main] UserDao - Searching for user with lastName = S
[DEBUG] 2021-10-31 20:59:00.506 [main] DestinationDao - The list of destinations [Destination{DestinationID=54880, type='Park', location='Wisconsin', nearestAmtrak=137, nearestGrayhound=14, nearestPort=0, nearestRentalCar=15, Activity='Scenic', overnight='Camp'}]
[DEBUG] 2021-10-31 20:59:04.037 [main] DestinationDao - Searching for Destination with location = Colorado
[DEBUG] 2021-10-31 20:59:11.433 [main] DestinationDao - Searching for Destination with type = Mountain
[DEBUG] 2021-10-31 21:01:21.407 [main] DestinationDao - The list of destinations [Destination{DestinationID=54880, type='Park', location='Wisconsin', nearestAmtrak=137, nearestGrayhound=14, nearestPort=0, nearestRentalCar=15, Activity='Scenic', overnight='Camp'}]
[DEBUG] 2021-10-31 21:01:21.439 [main] DestinationDao - Searching for Destination with location = Colorado
[DEBUG] 2021-10-31 21:01:21.478 [main] DestinationDao - Searching for Destination with type = Mountain
[DEBUG] 2021-10-31 21:06:27.546 [main] DestinationDao - The list of destinations [Destination{DestinationID=54880, type='Park', location='Wisconsin', nearestAmtrak=137, nearestGrayhound=14, nearestPort=0, nearestRentalCar=15, Activity='Scenic', overnight='Camp'}, Destination{DestinationID=82414, type='Park', location='Wyoming', nearestAmtrak=59, nearestGrayhound=59, nearestPort=0, nearestRentalCar=21, Activity='Hiking', overnight='multiple'}]
[DEBUG] 2021-10-31 21:08:21.575 [main] DestinationDao - The list of destinations [Destination{DestinationID=54880, type='Park', location='Wisconsin', nearestAmtrak=137, nearestGrayhound=14, nearestPort=0, nearestRentalCar=15, Activity='Scenic', overnight='Camp'}, Destination{DestinationID=82414, type='Park', location='Wyoming', nearestAmtrak=59, nearestGrayhound=59, nearestPort=0, nearestRentalCar=21, Activity='Hiking', overnight='multiple'}]
[DEBUG] 2021-10-31 21:08:21.611 [main] DestinationDao - Searching for Destination with location = Colorado
[DEBUG] 2021-10-31 21:08:21.660 [main] DestinationDao - Searching for Destination with type = Mountain
[DEBUG] 2021-10-31 21:12:09.888 [main] DestinationDao - The list of destinations [Destination{DestinationID=54880, type='Park', location='Wisconsin', nearestAmtrak=137, nearestGrayhound=14, nearestPort=0, nearestRentalCar=15, Activity='Scenic', overnight='Camp'}, Destination{DestinationID=82414, type='Park', location='Wyoming', nearestAmtrak=59, nearestGrayhound=59, nearestPort=0, nearestRentalCar=21, Activity='Hiking', overnight='multiple'}]
[DEBUG] 2021-10-31 21:12:09.918 [main] DestinationDao - Searching for Destination with location = Colorado
[DEBUG] 2021-10-31 21:12:09.967 [main] DestinationDao - Searching for Destination with type = Mountain
[DEBUG] 2021-10-31 21:14:05.337 [main] DestinationDao - The list of destinations [Destination{DestinationID=54880, type='Park', location='Wisconsin', nearestAmtrak=137, nearestGrayhound=14, nearestPort=0, nearestRentalCar=15, Activity='Scenic', overnight='Camp'}, Destination{DestinationID=80809, type='Mountain', location='Colorado', nearestAmtrak=100, nearestGrayhound=30, nearestPort=0, nearestRentalCar=29, Activity='Scenic', overnight='Multiple'}]
[DEBUG] 2021-10-31 21:14:11.320 [main] DestinationDao - Searching for Destination with location = Colorado
[DEBUG] 2021-10-31 21:14:21.751 [main] DestinationDao - Searching for Destination with type = Mountain
[DEBUG] 2021-10-31 21:58:59.411 [main] DestinationDao - The list of destinations [Destination{DestinationID=54880, type='Park', location='Wisconsin', nearestAmtrak=137, nearestGrayhound=14, nearestPort=0, nearestRentalCar=15, Activity='Scenic', overnight='Camp'}, Destination{DestinationID=80809, type='Mountain', location='Colorado', nearestAmtrak=100, nearestGrayhound=30, nearestPort=0, nearestRentalCar=29, Activity='Scenic', overnight='Multiple'}]
[DEBUG] 2021-10-31 21:59:06.463 [main] DestinationDao - Searching for Destination with location = Colorado
[DEBUG] 2021-10-31 21:59:16.285 [main] DestinationDao - Searching for Destination with type = Mountain
[DEBUG] 2021-10-31 23:23:20.215 [main] DestinationDao - The list of destinations [Destination{DestinationID=54880, type='Park', location='Wisconsin', nearestAmtrak=137, nearestGrayhound=14, nearestPort=0, nearestRentalCar=15, Activity='Scenic', overnight='Camp'}, Destination{DestinationID=80809, type='Mountain', location='Colorado', nearestAmtrak=100, nearestGrayhound=30, nearestPort=0, nearestRentalCar=29, Activity='Scenic', overnight='Multiple'}]
[DEBUG] 2021-10-31 23:23:26.734 [main] DestinationDao - Searching for Destination with location = Colorado
[DEBUG] 2021-10-31 23:23:38.925 [main] DestinationDao - Searching for Destination with type = Mountain
[DEBUG] 2021-10-31 23:24:18.715 [main] UserDao - The list of users [com.jvjohnson1.no_fly.entity.User@1697f2b3, com.jvjohnson1.no_fly.entity.User@12ad1b2a, com.jvjohnson1.no_fly.entity.User@3134153d, com.jvjohnson1.no_fly.entity.User@767599a7, com.jvjohnson1.no_fly.entity.User@5f5effb0, com.jvjohnson1.no_fly.entity.User@25d0cb3a, com.jvjohnson1.no_fly.entity.User@345cbf40, com.jvjohnson1.no_fly.entity.User@6e3eb0cd, com.jvjohnson1.no_fly.entity.User@463561c5, com.jvjohnson1.no_fly.entity.User@659feb22, com.jvjohnson1.no_fly.entity.User@3468ee6e, com.jvjohnson1.no_fly.entity.User@2f4b98f6, com.jvjohnson1.no_fly.entity.User@421def93, com.jvjohnson1.no_fly.entity.User@2b2954e1, com.jvjohnson1.no_fly.entity.User@58d6e55a, com.jvjohnson1.no_fly.entity.User@751ae8a4, com.jvjohnson1.no_fly.entity.User@235d659c, com.jvjohnson1.no_fly.entity.User@4232b34a]
[DEBUG] 2021-10-31 23:24:30.949 [main] UserDao - Searching for user with lastName = Smith
[DEBUG] 2021-10-31 23:24:42.959 [main] UserDao - Searching for user with lastName = S
[DEBUG] 2021-11-01 18:56:58.646 [main] DestinationDao - The list of destinations [Destination{DestinationID=54880, type='Park', location='Wisconsin', nearestAmtrak=137, nearestGrayhound=14, nearestPort=0, nearestRentalCar=15, Activity='Scenic', overnight='Camp'}, Destination{DestinationID=80809, type='Mountain', location='Colorado', nearestAmtrak=100, nearestGrayhound=30, nearestPort=0, nearestRentalCar=29, Activity='Scenic', overnight='Multiple'}]
[DEBUG] 2021-11-01 18:57:06.226 [main] DestinationDao - Searching for Destination with location = Colorado
[DEBUG] 2021-11-01 18:57:17.343 [main] DestinationDao - Searching for Destination with type = Mountain
[DEBUG] 2021-11-01 19:00:25.523 [main] DestinationDao - Searching for Destination with location = Colorado
[DEBUG] 2021-11-01 19:00:29.534 [main] DestinationDao - Searching for Destination with type = Mountain
[DEBUG] 2021-11-01 19:04:17.432 [main] DestinationDao - The list of destinations [Destination{DestinationID=54880, type='Park', location='Wisconsin', nearestAmtrak=137, nearestGrayhound=14, nearestPort=0, nearestRentalCar=15, Activity='Scenic', overnight='Camp'}, Destination{DestinationID=80809, type='Mountain', location='Colorado', nearestAmtrak=100, nearestGrayhound=30, nearestPort=0, nearestRentalCar=29, Activity='Scenic', overnight='Multiple'}]
[DEBUG] 2021-11-01 19:04:25.389 [main] DestinationDao - Searching for Destination with location = Colorado
[DEBUG] 2021-11-01 19:04:35.968 [main] DestinationDao - Searching for Destination with type = Mountain
[DEBUG] 2021-11-01 19:28:15.827 [main] DestinationDao - The list of destinations [Destination{DestinationID=54880, type='Park', location='Wisconsin', nearestAmtrak=137, nearestGrayhound=14, nearestPort=0, nearestRentalCar=15, Activity='Scenic', overnight='Camp'}, Destination{DestinationID=80809, type='Mountain', location='Colorado', nearestAmtrak=100, nearestGrayhound=30, nearestPort=0, nearestRentalCar=29, Activity='Scenic', overnight='Multiple'}]
[DEBUG] 2021-11-01 19:28:20.949 [main] DestinationDao - Searching for Destination with location = Colorado
[DEBUG] 2021-11-01 19:28:27.535 [main] DestinationDao - Searching for Destination with type = Mountain
[DEBUG] 2021-11-04 18:10:40.871 [main] UserDao - The list of users [com.jvjohnson1.no_fly.entity.User@34332b8d, com.jvjohnson1.no_fly.entity.User@724b939e, com.jvjohnson1.no_fly.entity.User@6f8aba08, com.jvjohnson1.no_fly.entity.User@7ff19c33, com.jvjohnson1.no_fly.entity.User@52b3bf03, com.jvjohnson1.no_fly.entity.User@7cca01a8, com.jvjohnson1.no_fly.entity.User@462abec3, com.jvjohnson1.no_fly.entity.User@35c9a231, com.jvjohnson1.no_fly.entity.User@7a4d582c, com.jvjohnson1.no_fly.entity.User@5626d18c, com.jvjohnson1.no_fly.entity.User@45e9b12d, com.jvjohnson1.no_fly.entity.User@3dc95b8b, com.jvjohnson1.no_fly.entity.User@2d55e826, com.jvjohnson1.no_fly.entity.User@45f756e6, com.jvjohnson1.no_fly.entity.User@329548d0, com.jvjohnson1.no_fly.entity.User@3003827c, com.jvjohnson1.no_fly.entity.User@29b40b3, com.jvjohnson1.no_fly.entity.User@7d247660]
[DEBUG] 2021-11-04 18:10:47.754 [main] UserDao - Searching for user with lastName = Smith
[DEBUG] 2021-11-04 18:10:58.115 [main] UserDao - Searching for user with lastName = S
